# JRE version: Java(TM) SE Runtime Environment (8.0_211-b12) (build 1.8.0_211-b12)
# Java VM: Java HotSpot(TM) 64-Bit Server VM (25.211-b12 mixed mode windows-amd64 compressed oops)
Heap:
 PSYoungGen      total 251904K, used 16314K [0x00000000d8380000, 0x00000000ebb00000, 0x0000000100000000)
  eden space 233472K, 6% used [0x00000000d8380000,0x00000000d936ea98,0x00000000e6780000)
  from space 18432K, 0% used [0x00000000e7900000,0x00000000e7900000,0x00000000e8b00000)
  to   space 17920K, 0% used [0x00000000e6780000,0x00000000e6780000,0x00000000e7900000)
 ParOldGen       total 101888K, used 26285K [0x0000000088a00000, 0x000000008ed80000, 0x00000000d8380000)
  object space 101888K, 25% used [0x0000000088a00000,0x000000008a3ab6d8,0x000000008ed80000)
 Metaspace       used 57417K, capacity 60708K, committed 60928K, reserved 1101824K
  class space    used 8118K, capacity 8667K, committed 8704K, reserved 1048576K
GC Heap History (10 events):
Event: 16.289 GC heap before
{Heap before GC invocations=11 (full 2):
 PSYoungGen      total 160256K, used 12005K [0x00000000d8380000, 0x00000000e5e80000, 0x0000000100000000)
  eden space 146432K, 0% used [0x00000000d8380000,0x00000000d8380000,0x00000000e1280000)
  from space 13824K, 86% used [0x00000000e1280000,0x00000000e1e39468,0x00000000e2000000)
  to   space 15360K, 0% used [0x00000000e4f80000,0x00000000e4f80000,0x00000000e5e80000)
 ParOldGen       total 54272K, used 12913K [0x0000000088a00000, 0x000000008bf00000, 0x00000000d8380000)
  object space 54272K, 23% used [0x0000000088a00000,0x000000008969c638,0x000000008bf00000)
 Metaspace       used 33618K, capacity 35424K, committed 35496K, reserved 1079296K
  class space    used 4499K, capacity 4852K, committed 4864K, reserved 1048576K
Event: 16.653 GC heap after
Heap after GC invocations=11 (full 2):
 PSYoungGen      total 160256K, used 0K [0x00000000d8380000, 0x00000000e5e80000, 0x0000000100000000)
  eden space 146432K, 0% used [0x00000000d8380000,0x00000000d8380000,0x00000000e1280000)
  from space 13824K, 0% used [0x00000000e1280000,0x00000000e1280000,0x00000000e2000000)
  to   space 15360K, 0% used [0x00000000e4f80000,0x00000000e4f80000,0x00000000e5e80000)
 ParOldGen       total 86528K, used 18929K [0x0000000088a00000, 0x000000008de80000, 0x00000000d8380000)
  object space 86528K, 21% used [0x0000000088a00000,0x0000000089c7c600,0x000000008de80000)
 Metaspace       used 33618K, capacity 35424K, committed 35496K, reserved 1079296K
  class space    used 4499K, capacity 4852K, committed 4864K, reserved 1048576K
}
Event: 22.223 GC heap before
{Heap before GC invocations=12 (full 2):
 PSYoungGen      total 160256K, used 146432K [0x00000000d8380000, 0x00000000e5e80000, 0x0000000100000000)
  eden space 146432K, 100% used [0x00000000d8380000,0x00000000e1280000,0x00000000e1280000)
  from space 13824K, 0% used [0x00000000e1280000,0x00000000e1280000,0x00000000e2000000)
  to   space 15360K, 0% used [0x00000000e4f80000,0x00000000e4f80000,0x00000000e5e80000)
 ParOldGen       total 86528K, used 18929K [0x0000000088a00000, 0x000000008de80000, 0x00000000d8380000)
  object space 86528K, 21% used [0x0000000088a00000,0x0000000089c7c600,0x000000008de80000)
 Metaspace       used 46473K, capacity 48468K, committed 48640K, reserved 1091584K
  class space    used 6526K, capacity 6904K, committed 6912K, reserved 1048576K
Event: 22.270 GC heap after
Heap after GC invocations=12 (full 2):
 PSYoungGen      total 202240K, used 15336K [0x00000000d8380000, 0x00000000e5e80000, 0x0000000100000000)
  eden space 186880K, 0% used [0x00000000d8380000,0x00000000d8380000,0x00000000e3a00000)
  from space 15360K, 99% used [0x00000000e4f80000,0x00000000e5e7a170,0x00000000e5e80000)
  to   space 17408K, 0% used [0x00000000e3c80000,0x00000000e3c80000,0x00000000e4d80000)
 ParOldGen       total 86528K, used 19092K [0x0000000088a00000, 0x000000008de80000, 0x00000000d8380000)
  object space 86528K, 22% used [0x0000000088a00000,0x0000000089ca53b8,0x000000008de80000)
 Metaspace       used 46473K, capacity 48468K, committed 48640K, reserved 1091584K
  class space    used 6526K, capacity 6904K, committed 6912K, reserved 1048576K
}
Event: 34.253 GC heap before
{Heap before GC invocations=13 (full 2):
 PSYoungGen      total 202240K, used 202216K [0x00000000d8380000, 0x00000000e5e80000, 0x0000000100000000)
  eden space 186880K, 100% used [0x00000000d8380000,0x00000000e3a00000,0x00000000e3a00000)
  from space 15360K, 99% used [0x00000000e4f80000,0x00000000e5e7a170,0x00000000e5e80000)
  to   space 17408K, 0% used [0x00000000e3c80000,0x00000000e3c80000,0x00000000e4d80000)
 ParOldGen       total 86528K, used 19092K [0x0000000088a00000, 0x000000008de80000, 0x00000000d8380000)
  object space 86528K, 22% used [0x0000000088a00000,0x0000000089ca53b8,0x000000008de80000)
 Metaspace       used 55854K, capacity 59014K, committed 59136K, reserved 1099776K
  class space    used 7876K, capacity 8418K, committed 8448K, reserved 1048576K
Event: 34.354 GC heap after
Heap after GC invocations=13 (full 2):
 PSYoungGen      total 206848K, used 14012K [0x00000000d8380000, 0x00000000e8b00000, 0x0000000100000000)
  eden space 189440K, 0% used [0x00000000d8380000,0x00000000d8380000,0x00000000e3c80000)
  from space 17408K, 80% used [0x00000000e3c80000,0x00000000e4a2f188,0x00000000e4d80000)
  to   space 18432K, 0% used [0x00000000e7900000,0x00000000e7900000,0x00000000e8b00000)
 ParOldGen       total 86528K, used 23544K [0x0000000088a00000, 0x000000008de80000, 0x00000000d8380000)
  object space 86528K, 27% used [0x0000000088a00000,0x000000008a0fe0c0,0x000000008de80000)
 Metaspace       used 55854K, capacity 59014K, committed 59136K, reserved 1099776K
  class space    used 7876K, capacity 8418K, committed 8448K, reserved 1048576K
}
Event: 34.387 GC heap before
{Heap before GC invocations=14 (full 2):
 PSYoungGen      total 206848K, used 16862K [0x00000000d8380000, 0x00000000e8b00000, 0x0000000100000000)
  eden space 189440K, 1% used [0x00000000d8380000,0x00000000d8648790,0x00000000e3c80000)
  from space 17408K, 80% used [0x00000000e3c80000,0x00000000e4a2f188,0x00000000e4d80000)
  to   space 18432K, 0% used [0x00000000e7900000,0x00000000e7900000,0x00000000e8b00000)
 ParOldGen       total 86528K, used 23544K [0x0000000088a00000, 0x000000008de80000, 0x00000000d8380000)
  object space 86528K, 27% used [0x0000000088a00000,0x000000008a0fe0c0,0x000000008de80000)
 Metaspace       used 55946K, capacity 59078K, committed 59136K, reserved 1099776K
  class space    used 7881K, capacity 8418K, committed 8448K, reserved 1048576K
Event: 34.431 GC heap after
Heap after GC invocations=14 (full 2):
 PSYoungGen      total 251904K, used 7234K [0x00000000d8380000, 0x00000000ebb00000, 0x0000000100000000)
  eden space 233472K, 0% used [0x00000000d8380000,0x00000000d8380000,0x00000000e6780000)
  from space 18432K, 39% used [0x00000000e7900000,0x00000000e80108f0,0x00000000e8b00000)
  to   space 17920K, 0% used [0x00000000e6780000,0x00000000e6780000,0x00000000e7900000)
 ParOldGen       total 86528K, used 23552K [0x0000000088a00000, 0x000000008de80000, 0x00000000d8380000)
  object space 86528K, 27% used [0x0000000088a00000,0x000000008a1000c0,0x000000008de80000)
 Metaspace       used 55946K, capacity 59078K, committed 59136K, reserved 1099776K
  class space    used 7881K, capacity 8418K, committed 8448K, reserved 1048576K
}
Event: 34.431 GC heap before
{Heap before GC invocations=15 (full 3):
 PSYoungGen      total 251904K, used 7234K [0x00000000d8380000, 0x00000000ebb00000, 0x0000000100000000)
  eden space 233472K, 0% used [0x00000000d8380000,0x00000000d8380000,0x00000000e6780000)
  from space 18432K, 39% used [0x00000000e7900000,0x00000000e80108f0,0x00000000e8b00000)
  to   space 17920K, 0% used [0x00000000e6780000,0x00000000e6780000,0x00000000e7900000)
 ParOldGen       total 86528K, used 23552K [0x0000000088a00000, 0x000000008de80000, 0x00000000d8380000)
  object space 86528K, 27% used [0x0000000088a00000,0x000000008a1000c0,0x000000008de80000)
 Metaspace       used 55946K, capacity 59078K, committed 59136K, reserved 1099776K
  class space    used 7881K, capacity 8418K, committed 8448K, reserved 1048576K
Event: 35.182 GC heap after
Heap after GC invocations=15 (full 3):
 PSYoungGen      total 251904K, used 0K [0x00000000d8380000, 0x00000000ebb00000, 0x0000000100000000)
  eden space 233472K, 0% used [0x00000000d8380000,0x00000000d8380000,0x00000000e6780000)
  from space 18432K, 0% used [0x00000000e7900000,0x00000000e7900000,0x00000000e8b00000)
  to   space 17920K, 0% used [0x00000000e6780000,0x00000000e6780000,0x00000000e7900000)
 ParOldGen       total 101888K, used 26285K [0x0000000088a00000, 0x000000008ed80000, 0x00000000d8380000)
  object space 101888K, 25% used [0x0000000088a00000,0x000000008a3ab6d8,0x000000008ed80000)
 Metaspace       used 55939K, capacity 59066K, committed 59136K, reserved 1099776K
  class space    used 7880K, capacity 8416K, committed 8448K, reserved 1048576K
}

