# JRE version: Java(TM) SE Runtime Environment (8.0_211-b12) (build 1.8.0_211-b12)
# Java VM: Java HotSpot(TM) 64-Bit Server VM (25.211-b12 mixed mode windows-amd64 compressed oops)
Heap:
 PSYoungGen      total 235008K, used 18210K [0x00000000d8380000, 0x00000000ea380000, 0x0000000100000000)
  eden space 217600K, 8% used [0x00000000d8380000,0x00000000d95489f8,0x00000000e5800000)
  from space 17408K, 0% used [0x00000000e5800000,0x00000000e5800000,0x00000000e6900000)
  to   space 18432K, 0% used [0x00000000e9180000,0x00000000e9180000,0x00000000ea380000)
 ParOldGen       total 118784K, used 32306K [0x0000000088a00000, 0x000000008fe00000, 0x00000000d8380000)
  object space 118784K, 27% used [0x0000000088a00000,0x000000008a98c9b0,0x000000008fe00000)
 Metaspace       used 57386K, capacity 60710K, committed 60928K, reserved 1101824K
  class space    used 8117K, capacity 8668K, committed 8704K, reserved 1048576K
GC Heap History (10 events):
Event: 18.632 GC heap before
{Heap before GC invocations=10 (full 1):
 PSYoungGen      total 172544K, used 75904K [0x00000000d8380000, 0x00000000e5400000, 0x0000000100000000)
  eden space 161280K, 40% used [0x00000000d8380000,0x00000000dc2a12f0,0x00000000e2100000)
  from space 11264K, 99% used [0x00000000e2e80000,0x00000000e397ef08,0x00000000e3980000)
  to   space 13824K, 0% used [0x00000000e2100000,0x00000000e2100000,0x00000000e2e80000)
 ParOldGen       total 52224K, used 10959K [0x0000000088a00000, 0x000000008bd00000, 0x00000000d8380000)
  object space 52224K, 20% used [0x0000000088a00000,0x00000000894b3ec8,0x000000008bd00000)
 Metaspace       used 33623K, capacity 35424K, committed 35496K, reserved 1079296K
  class space    used 4504K, capacity 4852K, committed 4864K, reserved 1048576K
Event: 18.702 GC heap after
Heap after GC invocations=10 (full 1):
 PSYoungGen      total 175104K, used 12023K [0x00000000d8380000, 0x00000000e7a00000, 0x0000000100000000)
  eden space 161280K, 0% used [0x00000000d8380000,0x00000000d8380000,0x00000000e2100000)
  from space 13824K, 86% used [0x00000000e2100000,0x00000000e2cbdca8,0x00000000e2e80000)
  to   space 15360K, 0% used [0x00000000e6b00000,0x00000000e6b00000,0x00000000e7a00000)
 ParOldGen       total 52224K, used 13073K [0x0000000088a00000, 0x000000008bd00000, 0x00000000d8380000)
  object space 52224K, 25% used [0x0000000088a00000,0x00000000896c4420,0x000000008bd00000)
 Metaspace       used 33623K, capacity 35424K, committed 35496K, reserved 1079296K
  class space    used 4504K, capacity 4852K, committed 4864K, reserved 1048576K
}
Event: 18.702 GC heap before
{Heap before GC invocations=11 (full 2):
 PSYoungGen      total 175104K, used 12023K [0x00000000d8380000, 0x00000000e7a00000, 0x0000000100000000)
  eden space 161280K, 0% used [0x00000000d8380000,0x00000000d8380000,0x00000000e2100000)
  from space 13824K, 86% used [0x00000000e2100000,0x00000000e2cbdca8,0x00000000e2e80000)
  to   space 15360K, 0% used [0x00000000e6b00000,0x00000000e6b00000,0x00000000e7a00000)
 ParOldGen       total 52224K, used 13073K [0x0000000088a00000, 0x000000008bd00000, 0x00000000d8380000)
  object space 52224K, 25% used [0x0000000088a00000,0x00000000896c4420,0x000000008bd00000)
 Metaspace       used 33623K, capacity 35424K, committed 35496K, reserved 1079296K
  class space    used 4504K, capacity 4852K, committed 4864K, reserved 1048576K
Event: 19.176 GC heap after
Heap after GC invocations=11 (full 2):
 PSYoungGen      total 175104K, used 0K [0x00000000d8380000, 0x00000000e7a00000, 0x0000000100000000)
  eden space 161280K, 0% used [0x00000000d8380000,0x00000000d8380000,0x00000000e2100000)
  from space 13824K, 0% used [0x00000000e2100000,0x00000000e2100000,0x00000000e2e80000)
  to   space 15360K, 0% used [0x00000000e6b00000,0x00000000e6b00000,0x00000000e7a00000)
 ParOldGen       total 82944K, used 18930K [0x0000000088a00000, 0x000000008db00000, 0x00000000d8380000)
  object space 82944K, 22% used [0x0000000088a00000,0x0000000089c7c8e0,0x000000008db00000)
 Metaspace       used 33623K, capacity 35424K, committed 35496K, reserved 1079296K
  class space    used 4504K, capacity 4852K, committed 4864K, reserved 1048576K
}
Event: 27.462 GC heap before
{Heap before GC invocations=12 (full 2):
 PSYoungGen      total 175104K, used 161280K [0x00000000d8380000, 0x00000000e7a00000, 0x0000000100000000)
  eden space 161280K, 100% used [0x00000000d8380000,0x00000000e2100000,0x00000000e2100000)
  from space 13824K, 0% used [0x00000000e2100000,0x00000000e2100000,0x00000000e2e80000)
  to   space 15360K, 0% used [0x00000000e6b00000,0x00000000e6b00000,0x00000000e7a00000)
 ParOldGen       total 82944K, used 18930K [0x0000000088a00000, 0x000000008db00000, 0x00000000d8380000)
  object space 82944K, 22% used [0x0000000088a00000,0x0000000089c7c8e0,0x000000008db00000)
 Metaspace       used 46784K, capacity 48846K, committed 49024K, reserved 1091584K
  class space    used 6585K, capacity 6980K, committed 7040K, reserved 1048576K
Event: 27.546 GC heap after
Heap after GC invocations=12 (full 2):
 PSYoungGen      total 222208K, used 15346K [0x00000000d8380000, 0x00000000e7a00000, 0x0000000100000000)
  eden space 206848K, 0% used [0x00000000d8380000,0x00000000d8380000,0x00000000e4d80000)
  from space 15360K, 99% used [0x00000000e6b00000,0x00000000e79fcaf8,0x00000000e7a00000)
  to   space 17408K, 0% used [0x00000000e5800000,0x00000000e5800000,0x00000000e6900000)
 ParOldGen       total 82944K, used 19799K [0x0000000088a00000, 0x000000008db00000, 0x00000000d8380000)
  object space 82944K, 23% used [0x0000000088a00000,0x0000000089d55d28,0x000000008db00000)
 Metaspace       used 46784K, capacity 48846K, committed 49024K, reserved 1091584K
  class space    used 6585K, capacity 6980K, committed 7040K, reserved 1048576K
}
Event: 54.941 GC heap before
{Heap before GC invocations=13 (full 2):
 PSYoungGen      total 222208K, used 194989K [0x00000000d8380000, 0x00000000e7a00000, 0x0000000100000000)
  eden space 206848K, 86% used [0x00000000d8380000,0x00000000e32eeb90,0x00000000e4d80000)
  from space 15360K, 99% used [0x00000000e6b00000,0x00000000e79fcaf8,0x00000000e7a00000)
  to   space 17408K, 0% used [0x00000000e5800000,0x00000000e5800000,0x00000000e6900000)
 ParOldGen       total 82944K, used 19799K [0x0000000088a00000, 0x000000008db00000, 0x00000000d8380000)
  object space 82944K, 23% used [0x0000000088a00000,0x0000000089d55d28,0x000000008db00000)
 Metaspace       used 55907K, capacity 59080K, committed 59136K, reserved 1099776K
  class space    used 7880K, capacity 8419K, committed 8448K, reserved 1048576K
Event: 55.033 GC heap after
Heap after GC invocations=13 (full 2):
 PSYoungGen      total 235008K, used 13293K [0x00000000d8380000, 0x00000000ea380000, 0x0000000100000000)
  eden space 217600K, 0% used [0x00000000d8380000,0x00000000d8380000,0x00000000e5800000)
  from space 17408K, 76% used [0x00000000e5800000,0x00000000e64fb518,0x00000000e6900000)
  to   space 18432K, 0% used [0x00000000e9180000,0x00000000e9180000,0x00000000ea380000)
 ParOldGen       total 82944K, used 24785K [0x0000000088a00000, 0x000000008db00000, 0x00000000d8380000)
  object space 82944K, 29% used [0x0000000088a00000,0x000000008a2347c8,0x000000008db00000)
 Metaspace       used 55907K, capacity 59080K, committed 59136K, reserved 1099776K
  class space    used 7880K, capacity 8419K, committed 8448K, reserved 1048576K
}
Event: 55.033 GC heap before
{Heap before GC invocations=14 (full 3):
 PSYoungGen      total 235008K, used 13293K [0x00000000d8380000, 0x00000000ea380000, 0x0000000100000000)
  eden space 217600K, 0% used [0x00000000d8380000,0x00000000d8380000,0x00000000e5800000)
  from space 17408K, 76% used [0x00000000e5800000,0x00000000e64fb518,0x00000000e6900000)
  to   space 18432K, 0% used [0x00000000e9180000,0x00000000e9180000,0x00000000ea380000)
 ParOldGen       total 82944K, used 24785K [0x0000000088a00000, 0x000000008db00000, 0x00000000d8380000)
  object space 82944K, 29% used [0x0000000088a00000,0x000000008a2347c8,0x000000008db00000)
 Metaspace       used 55907K, capacity 59080K, committed 59136K, reserved 1099776K
  class space    used 7880K, capacity 8419K, committed 8448K, reserved 1048576K
Event: 56.170 GC heap after
Heap after GC invocations=14 (full 3):
 PSYoungGen      total 235008K, used 0K [0x00000000d8380000, 0x00000000ea380000, 0x0000000100000000)
  eden space 217600K, 0% used [0x00000000d8380000,0x00000000d8380000,0x00000000e5800000)
  from space 17408K, 0% used [0x00000000e5800000,0x00000000e5800000,0x00000000e6900000)
  to   space 18432K, 0% used [0x00000000e9180000,0x00000000e9180000,0x00000000ea380000)
 ParOldGen       total 118784K, used 32306K [0x0000000088a00000, 0x000000008fe00000, 0x00000000d8380000)
  object space 118784K, 27% used [0x0000000088a00000,0x000000008a98c9b0,0x000000008fe00000)
 Metaspace       used 55899K, capacity 59068K, committed 59136K, reserved 1099776K
  class space    used 7879K, capacity 8417K, committed 8448K, reserved 1048576K
}

